FileSystemOpenDialog.dll*
FileSystemOpenDialog.pdb
GameUI.dll*
GameUI.pdb
content.log
datacache.dll*
datacache.pdb
dedicated.dll*
dedicated.pdb
engine.dll*
engine.pdb
engine_ds.dll*
engine_ds.pdb
filesystem_stdio.dll*
filesystem_stdio.pdb
hammer.exe*
hammer.pdb
hammer_dll.dll*
hammer_dll.pdb
hlmv.exe*
hlmv.pdb
inputsystem.dll*
inputsystem.pdb
launcher.dll*
launcher.pdb
localize.dll*
localize.pdb
materialsystem.dll*
materialsystem.pdb
mdllib.dll*
mdllib.pdb
newdat.exe*
newdat.pdb
scenefilecache.dll*
scenefilecache.pdb
serverbrowser.dll*
serverbrowser.pdb
shaderapidx9.dll*
shaderapidx9.pdb
shaderapiempty.dll*
shaderapiempty.pdb
shadercompile.exe*
shadercompile.pdb
shadercompile_dll.dll*
shadercompile_dll.pdb
soundemittersystem.dll*
soundemittersystem.pdb
soundsystem.dll*
soundsystem.pdb
stdshader_dbg.dll*
stdshader_dbg.pdb
stdshader_dx9.dll*
stdshader_dx9.pdb
studiorender.dll*
studiorender.pdb
tier0.dll*
tier0.pdb
tools/
unitlib.dll*
unitlib.pdb
valve_avi.dll*
valve_avi.pdb
vbsp.exe*
vbsp.pdb
vbspinfo.exe*
vbspinfo.pdb
vgui2.dll*
vgui2.pdb
vguimatsurface.dll*
vguimatsurface.pdb
vlocalize.exe*
vlocalize.pdb
vrad.exe*
vrad.pdb
vrad_dll.dll*
vrad_dll.pdb
vscript.dll*
vscript.pdb
vstdlib.dll*
vstdlib.pdb
vtex.exe*
vtex.pdb
vtex_dll.dll*
vtex_dll.pdb
vvis.exe*
vvis.pdb
vvis_dll.dll*
vvis_dll.pdb
